2023-08-20 12:39:20,713:WARNING:C:\Users\parikshit joshi\anaconda3\envs\mlops\lib\site-packages\numpy\__init__.py:139: UserWarning: mkl-service package failed to import, therefore Intel(R) MKL initialization ensuring its correct out-of-the box operation under condition when Gnu OpenMP had already been loaded by Python process is not assured. Please install mkl-service package, see http://github.com/IntelPython/mkl-service
  from . import _distributor_init

2023-08-20 12:41:51,570:WARNING:
'cuml' is a soft dependency and not included in the pycaret installation. Please run: `pip install cuml` to install.
2023-08-20 12:41:51,570:WARNING:
'cuml' is a soft dependency and not included in the pycaret installation. Please run: `pip install cuml` to install.
2023-08-20 12:41:51,570:WARNING:
'cuml' is a soft dependency and not included in the pycaret installation. Please run: `pip install cuml` to install.
2023-08-20 12:41:51,570:WARNING:
'cuml' is a soft dependency and not included in the pycaret installation. Please run: `pip install cuml` to install.
2023-08-20 12:41:52,286:WARNING:
'prophet' is a soft dependency and not included in the pycaret installation. Please run: `pip install prophet` to install.
2023-08-20 12:42:00,727:WARNING:
'cuml' is a soft dependency and not included in the pycaret installation. Please run: `pip install cuml` to install.
2023-08-20 12:42:00,727:WARNING:
'cuml' is a soft dependency and not included in the pycaret installation. Please run: `pip install cuml` to install.
2023-08-20 12:42:00,727:WARNING:
'cuml' is a soft dependency and not included in the pycaret installation. Please run: `pip install cuml` to install.
2023-08-20 12:42:00,727:WARNING:
'cuml' is a soft dependency and not included in the pycaret installation. Please run: `pip install cuml` to install.
2023-08-20 12:42:01,399:WARNING:
'prophet' is a soft dependency and not included in the pycaret installation. Please run: `pip install prophet` to install.
2023-08-20 12:42:22,414:INFO:Initializing load_model()
2023-08-20 12:42:22,416:INFO:load_model(model_name=notebooks\cv_issue-pipeline_testing_zx, platform=None, authentication=None, verbose=True)
2023-08-20 12:43:05,125:WARNING:
'cuml' is a soft dependency and not included in the pycaret installation. Please run: `pip install cuml` to install.
2023-08-20 12:43:05,125:WARNING:
'cuml' is a soft dependency and not included in the pycaret installation. Please run: `pip install cuml` to install.
2023-08-20 12:43:05,125:WARNING:
'cuml' is a soft dependency and not included in the pycaret installation. Please run: `pip install cuml` to install.
2023-08-20 12:43:05,125:WARNING:
'cuml' is a soft dependency and not included in the pycaret installation. Please run: `pip install cuml` to install.
2023-08-20 12:43:06,035:WARNING:
'prophet' is a soft dependency and not included in the pycaret installation. Please run: `pip install prophet` to install.
2023-08-20 12:43:07,581:INFO:Initializing load_model()
2023-08-20 12:43:07,581:INFO:load_model(model_name=notebooks\cv_issue-pipeline_testing_zx, platform=None, authentication=None, verbose=True)
2023-08-20 12:58:42,170:WARNING:
'cuml' is a soft dependency and not included in the pycaret installation. Please run: `pip install cuml` to install.
2023-08-20 12:58:42,170:WARNING:
'cuml' is a soft dependency and not included in the pycaret installation. Please run: `pip install cuml` to install.
2023-08-20 12:58:42,170:WARNING:
'cuml' is a soft dependency and not included in the pycaret installation. Please run: `pip install cuml` to install.
2023-08-20 12:58:42,170:WARNING:
'cuml' is a soft dependency and not included in the pycaret installation. Please run: `pip install cuml` to install.
2023-08-20 12:58:42,863:WARNING:
'prophet' is a soft dependency and not included in the pycaret installation. Please run: `pip install prophet` to install.
2023-08-20 12:58:51,414:WARNING:
'cuml' is a soft dependency and not included in the pycaret installation. Please run: `pip install cuml` to install.
2023-08-20 12:58:51,414:WARNING:
'cuml' is a soft dependency and not included in the pycaret installation. Please run: `pip install cuml` to install.
2023-08-20 12:58:51,414:WARNING:
'cuml' is a soft dependency and not included in the pycaret installation. Please run: `pip install cuml` to install.
2023-08-20 12:58:51,414:WARNING:
'cuml' is a soft dependency and not included in the pycaret installation. Please run: `pip install cuml` to install.
2023-08-20 12:58:52,234:WARNING:
'prophet' is a soft dependency and not included in the pycaret installation. Please run: `pip install prophet` to install.
2023-08-20 12:59:13,904:INFO:Initializing load_model()
2023-08-20 12:59:13,904:INFO:load_model(model_name=models\cv_issue-pipeline_testing_zx, platform=None, authentication=None, verbose=True)
2023-08-20 12:59:14,065:WARNING:C:\Users\parikshit joshi\anaconda3\envs\mlops\lib\site-packages\pycaret\internal\pipeline.py:135: UserWarning: Version mismatch:
current: {'deps_info': {'pip': '23.1.2', 'setuptools': '68.0.0', 'pycaret': '3.0.0', 'IPython': '8.12.0', 'ipywidgets': '8.0.4', 'tqdm': '4.66.1', 'numpy': '1.24.4', 'pandas': '1.5.3', 'jinja2': '3.1.2', 'scipy': '1.10.1', 'joblib': '1.2.0', 'sklearn': '1.2.2', 'pyod': '1.1.0', 'imblearn': '0.10.1', 'category_encoders': '2.6.1', 'lightgbm': '3.3.5', 'numba': '0.57.1', 'requests': '2.31.0', 'matplotlib': '3.7.1', 'scikitplot': '0.3.7', 'yellowbrick': '1.5', 'plotly': '5.9.0', 'kaleido': '0.2.1', 'statsmodels': '0.14.0', 'sktime': '0.20.0', 'tbats': '1.1.3', 'pmdarima': '2.0.3', 'psutil': '5.9.5'}, 'python': {'version': '3.9.7', 'machine': 'AMD64'}}
pickle: {'deps_info': {'pip': '23.2.1', 'setuptools': '68.0.0', 'pycaret': '3.0.4', 'IPython': '7.34.0', 'ipywidgets': '7.7.5', 'tqdm': '4.66.1', 'numpy': '1.23.5', 'pandas': '2.0.3', 'jinja2': '3.1.2', 'scipy': '1.11.1', 'joblib': '1.2.0', 'sklearn': '1.2.2', 'pyod': '1.1.0', 'imblearn': '0.10.1', 'category_encoders': '2.6.1', 'lightgbm': '3.3.5', 'numba': '0.57.1', 'requests': '2.31.0', 'matplotlib': '3.7.1', 'scikitplot': '0.3.7', 'yellowbrick': '1.5', 'plotly': '5.9.0', 'plotly-resampler': 'Not installed', 'kaleido': '0.2.1', 'schemdraw': '0.15', 'statsmodels': '0.14.0', 'sktime': '0.20.0', 'tbats': '1.1.3', 'pmdarima': '2.0.3', 'psutil': '5.9.5', 'markupsafe': '2.1.3', 'pickle5': 'Not installed', 'cloudpickle': '2.2.1', 'deprecation': '2.1.0', 'xxhash': '3.2.0', 'wurlitzer': 'Not installed'}, 'python': {'version': '3.9.7', 'machine': 'AMD64'}}
  warnings.warn(

2023-08-20 12:59:14,207:INFO:Initializing predict_model()
2023-08-20 12:59:14,207:INFO:predict_model(self=<pycaret.classification.oop.ClassificationExperiment object at 0x0000029D5249D9D0>, estimator=Pipeline(memory=Memory(location=None),
         steps=[('numerical_imputer',
                 TransformerWrapper(include=['age', 'resting_BP', 'cholesterol',
                                             'fasting_BS', 'max_HR',
                                             'old_peak'],
                                    transformer=SimpleImputer())),
                ('categorical_imputer',
                 TransformerWrapper(include=['gender', 'chest_pain',
                                             'resting_ECG', 'exercise_angina',
                                             'ST_slope'],
                                    transformer=SimpleImputer(strategy='most_f...
                                             'ST_slope'],
                                    transformer=OneHotEncoder(cols=['chest_pain',
                                                                    'resting_ECG',
                                                                    'ST_slope'],
                                                              handle_missing='return_nan',
                                                              use_cat_names=True))),
                ('remove_outliers',
                 TransformerWrapper(transformer=RemoveOutliers(random_state=1))),
                ('normalize', TransformerWrapper(transformer=StandardScaler())),
                ('trained_model',
                 <catboost.core.CatBoostClassifier object at 0x0000029D52579F10>)]), probability_threshold=None, encoded_labels=False, raw_score=False, round=4, verbose=True, ml_usecase=None, preprocess=True, replace_labels_in_column=<function _SupervisedExperiment.predict_model.<locals>.replace_labels_in_column at 0x0000029D5299EDC0>)
2023-08-20 12:59:14,207:INFO:Checking exceptions
2023-08-20 12:59:14,207:INFO:Preloading libraries
2023-08-20 12:59:14,207:INFO:Set up data.
2023-08-20 12:59:14,216:INFO:Set up index.
2023-08-20 13:59:57,980:WARNING:
'cuml' is a soft dependency and not included in the pycaret installation. Please run: `pip install cuml` to install.
2023-08-20 13:59:57,980:WARNING:
'cuml' is a soft dependency and not included in the pycaret installation. Please run: `pip install cuml` to install.
2023-08-20 13:59:57,980:WARNING:
'cuml' is a soft dependency and not included in the pycaret installation. Please run: `pip install cuml` to install.
2023-08-20 13:59:57,980:WARNING:
'cuml' is a soft dependency and not included in the pycaret installation. Please run: `pip install cuml` to install.
2023-08-20 13:59:58,839:WARNING:
'prophet' is a soft dependency and not included in the pycaret installation. Please run: `pip install prophet` to install.
2023-08-20 14:00:03,681:WARNING:
'cuml' is a soft dependency and not included in the pycaret installation. Please run: `pip install cuml` to install.
2023-08-20 14:00:03,682:WARNING:
'cuml' is a soft dependency and not included in the pycaret installation. Please run: `pip install cuml` to install.
2023-08-20 14:00:03,682:WARNING:
'cuml' is a soft dependency and not included in the pycaret installation. Please run: `pip install cuml` to install.
2023-08-20 14:00:03,682:WARNING:
'cuml' is a soft dependency and not included in the pycaret installation. Please run: `pip install cuml` to install.
2023-08-20 14:00:04,231:WARNING:
'prophet' is a soft dependency and not included in the pycaret installation. Please run: `pip install prophet` to install.
2023-08-20 14:00:13,439:WARNING:
'cuml' is a soft dependency and not included in the pycaret installation. Please run: `pip install cuml` to install.
2023-08-20 14:00:13,439:WARNING:
'cuml' is a soft dependency and not included in the pycaret installation. Please run: `pip install cuml` to install.
2023-08-20 14:00:13,440:WARNING:
'cuml' is a soft dependency and not included in the pycaret installation. Please run: `pip install cuml` to install.
2023-08-20 14:00:13,440:WARNING:
'cuml' is a soft dependency and not included in the pycaret installation. Please run: `pip install cuml` to install.
2023-08-20 14:00:14,156:WARNING:
'prophet' is a soft dependency and not included in the pycaret installation. Please run: `pip install prophet` to install.
2023-08-20 14:00:53,774:WARNING:
'cuml' is a soft dependency and not included in the pycaret installation. Please run: `pip install cuml` to install.
2023-08-20 14:00:53,774:WARNING:
'cuml' is a soft dependency and not included in the pycaret installation. Please run: `pip install cuml` to install.
2023-08-20 14:00:53,775:WARNING:
'cuml' is a soft dependency and not included in the pycaret installation. Please run: `pip install cuml` to install.
2023-08-20 14:00:53,775:WARNING:
'cuml' is a soft dependency and not included in the pycaret installation. Please run: `pip install cuml` to install.
2023-08-20 14:00:54,649:WARNING:
'prophet' is a soft dependency and not included in the pycaret installation. Please run: `pip install prophet` to install.
2023-08-20 14:01:45,482:INFO:Initializing load_model()
2023-08-20 14:01:45,483:INFO:load_model(model_name=app/cv_issue-pipeline_testing_zx, platform=None, authentication=None, verbose=True)
2023-08-20 14:01:45,787:WARNING:C:\Users\parikshit joshi\anaconda3\envs\mlops\lib\site-packages\pycaret\internal\pipeline.py:135: UserWarning: Version mismatch:
current: {'deps_info': {'pip': '23.1.2', 'setuptools': '68.0.0', 'pycaret': '3.0.0', 'IPython': '8.12.0', 'ipywidgets': '8.0.4', 'tqdm': '4.66.1', 'numpy': '1.24.4', 'pandas': '1.5.3', 'jinja2': '3.1.2', 'scipy': '1.10.1', 'joblib': '1.2.0', 'sklearn': '1.2.2', 'pyod': '1.1.0', 'imblearn': '0.10.1', 'category_encoders': '2.6.1', 'lightgbm': '3.3.5', 'numba': '0.57.1', 'requests': '2.31.0', 'matplotlib': '3.7.1', 'scikitplot': '0.3.7', 'yellowbrick': '1.5', 'plotly': '5.9.0', 'kaleido': '0.2.1', 'statsmodels': '0.14.0', 'sktime': '0.20.0', 'tbats': '1.1.3', 'pmdarima': '2.0.3', 'psutil': '5.9.5'}, 'python': {'version': '3.9.7', 'machine': 'AMD64'}}
pickle: {'deps_info': {'pip': '23.2.1', 'setuptools': '68.0.0', 'pycaret': '3.0.4', 'IPython': '7.34.0', 'ipywidgets': '7.7.5', 'tqdm': '4.66.1', 'numpy': '1.23.5', 'pandas': '2.0.3', 'jinja2': '3.1.2', 'scipy': '1.11.1', 'joblib': '1.2.0', 'sklearn': '1.2.2', 'pyod': '1.1.0', 'imblearn': '0.10.1', 'category_encoders': '2.6.1', 'lightgbm': '3.3.5', 'numba': '0.57.1', 'requests': '2.31.0', 'matplotlib': '3.7.1', 'scikitplot': '0.3.7', 'yellowbrick': '1.5', 'plotly': '5.9.0', 'plotly-resampler': 'Not installed', 'kaleido': '0.2.1', 'schemdraw': '0.15', 'statsmodels': '0.14.0', 'sktime': '0.20.0', 'tbats': '1.1.3', 'pmdarima': '2.0.3', 'psutil': '5.9.5', 'markupsafe': '2.1.3', 'pickle5': 'Not installed', 'cloudpickle': '2.2.1', 'deprecation': '2.1.0', 'xxhash': '3.2.0', 'wurlitzer': 'Not installed'}, 'python': {'version': '3.9.7', 'machine': 'AMD64'}}
  warnings.warn(

2023-08-20 14:01:45,927:INFO:Initializing predict_model()
2023-08-20 14:01:45,927:INFO:predict_model(self=<pycaret.classification.oop.ClassificationExperiment object at 0x00000208C61B2040>, estimator=Pipeline(memory=Memory(location=None),
         steps=[('numerical_imputer',
                 TransformerWrapper(include=['age', 'resting_BP', 'cholesterol',
                                             'fasting_BS', 'max_HR',
                                             'old_peak'],
                                    transformer=SimpleImputer())),
                ('categorical_imputer',
                 TransformerWrapper(include=['gender', 'chest_pain',
                                             'resting_ECG', 'exercise_angina',
                                             'ST_slope'],
                                    transformer=SimpleImputer(strategy='most_f...
                                             'ST_slope'],
                                    transformer=OneHotEncoder(cols=['chest_pain',
                                                                    'resting_ECG',
                                                                    'ST_slope'],
                                                              handle_missing='return_nan',
                                                              use_cat_names=True))),
                ('remove_outliers',
                 TransformerWrapper(transformer=RemoveOutliers(random_state=1))),
                ('normalize', TransformerWrapper(transformer=StandardScaler())),
                ('trained_model',
                 <catboost.core.CatBoostClassifier object at 0x00000208C5FA8B20>)]), probability_threshold=None, encoded_labels=False, raw_score=False, round=4, verbose=True, ml_usecase=None, preprocess=True, replace_labels_in_column=<function _SupervisedExperiment.predict_model.<locals>.replace_labels_in_column at 0x00000208C5EF21F0>)
2023-08-20 14:01:45,927:INFO:Checking exceptions
2023-08-20 14:01:45,927:INFO:Preloading libraries
2023-08-20 14:01:45,927:INFO:Set up data.
2023-08-20 14:01:45,936:INFO:Set up index.
2023-08-20 14:01:51,719:WARNING:
'cuml' is a soft dependency and not included in the pycaret installation. Please run: `pip install cuml` to install.
2023-08-20 14:01:51,720:WARNING:
'cuml' is a soft dependency and not included in the pycaret installation. Please run: `pip install cuml` to install.
2023-08-20 14:01:51,720:WARNING:
'cuml' is a soft dependency and not included in the pycaret installation. Please run: `pip install cuml` to install.
2023-08-20 14:01:51,720:WARNING:
'cuml' is a soft dependency and not included in the pycaret installation. Please run: `pip install cuml` to install.
2023-08-20 14:01:52,190:WARNING:
'prophet' is a soft dependency and not included in the pycaret installation. Please run: `pip install prophet` to install.
2023-08-20 15:03:45,632:WARNING:
'cuml' is a soft dependency and not included in the pycaret installation. Please run: `pip install cuml` to install.
2023-08-20 15:03:45,633:WARNING:
'cuml' is a soft dependency and not included in the pycaret installation. Please run: `pip install cuml` to install.
2023-08-20 15:03:45,633:WARNING:
'cuml' is a soft dependency and not included in the pycaret installation. Please run: `pip install cuml` to install.
2023-08-20 15:03:45,633:WARNING:
'cuml' is a soft dependency and not included in the pycaret installation. Please run: `pip install cuml` to install.
2023-08-20 15:03:46,568:WARNING:
'prophet' is a soft dependency and not included in the pycaret installation. Please run: `pip install prophet` to install.
2023-08-20 15:03:57,012:WARNING:
'cuml' is a soft dependency and not included in the pycaret installation. Please run: `pip install cuml` to install.
2023-08-20 15:03:57,013:WARNING:
'cuml' is a soft dependency and not included in the pycaret installation. Please run: `pip install cuml` to install.
2023-08-20 15:03:57,013:WARNING:
'cuml' is a soft dependency and not included in the pycaret installation. Please run: `pip install cuml` to install.
2023-08-20 15:03:57,013:WARNING:
'cuml' is a soft dependency and not included in the pycaret installation. Please run: `pip install cuml` to install.
2023-08-20 15:03:58,389:WARNING:
'prophet' is a soft dependency and not included in the pycaret installation. Please run: `pip install prophet` to install.
2023-08-20 15:04:09,507:WARNING:
'cuml' is a soft dependency and not included in the pycaret installation. Please run: `pip install cuml` to install.
2023-08-20 15:04:09,508:WARNING:
'cuml' is a soft dependency and not included in the pycaret installation. Please run: `pip install cuml` to install.
2023-08-20 15:04:09,508:WARNING:
'cuml' is a soft dependency and not included in the pycaret installation. Please run: `pip install cuml` to install.
2023-08-20 15:04:09,508:WARNING:
'cuml' is a soft dependency and not included in the pycaret installation. Please run: `pip install cuml` to install.
2023-08-20 15:04:10,617:WARNING:
'prophet' is a soft dependency and not included in the pycaret installation. Please run: `pip install prophet` to install.
2023-08-20 15:04:39,239:WARNING:
'cuml' is a soft dependency and not included in the pycaret installation. Please run: `pip install cuml` to install.
2023-08-20 15:04:39,240:WARNING:
'cuml' is a soft dependency and not included in the pycaret installation. Please run: `pip install cuml` to install.
2023-08-20 15:04:39,240:WARNING:
'cuml' is a soft dependency and not included in the pycaret installation. Please run: `pip install cuml` to install.
2023-08-20 15:04:39,240:WARNING:
'cuml' is a soft dependency and not included in the pycaret installation. Please run: `pip install cuml` to install.
2023-08-20 15:04:40,413:WARNING:
'prophet' is a soft dependency and not included in the pycaret installation. Please run: `pip install prophet` to install.
2023-08-20 15:05:25,566:WARNING:
'cuml' is a soft dependency and not included in the pycaret installation. Please run: `pip install cuml` to install.
2023-08-20 15:05:25,567:WARNING:
'cuml' is a soft dependency and not included in the pycaret installation. Please run: `pip install cuml` to install.
2023-08-20 15:05:25,567:WARNING:
'cuml' is a soft dependency and not included in the pycaret installation. Please run: `pip install cuml` to install.
2023-08-20 15:05:25,567:WARNING:
'cuml' is a soft dependency and not included in the pycaret installation. Please run: `pip install cuml` to install.
2023-08-20 15:05:26,762:WARNING:
'prophet' is a soft dependency and not included in the pycaret installation. Please run: `pip install prophet` to install.
2023-08-20 15:06:04,189:WARNING:
'cuml' is a soft dependency and not included in the pycaret installation. Please run: `pip install cuml` to install.
2023-08-20 15:06:04,190:WARNING:
'cuml' is a soft dependency and not included in the pycaret installation. Please run: `pip install cuml` to install.
2023-08-20 15:06:04,191:WARNING:
'cuml' is a soft dependency and not included in the pycaret installation. Please run: `pip install cuml` to install.
2023-08-20 15:06:04,191:WARNING:
'cuml' is a soft dependency and not included in the pycaret installation. Please run: `pip install cuml` to install.
2023-08-20 15:06:06,123:WARNING:
'prophet' is a soft dependency and not included in the pycaret installation. Please run: `pip install prophet` to install.
2023-08-20 15:06:48,174:WARNING:
'cuml' is a soft dependency and not included in the pycaret installation. Please run: `pip install cuml` to install.
2023-08-20 15:06:48,175:WARNING:
'cuml' is a soft dependency and not included in the pycaret installation. Please run: `pip install cuml` to install.
2023-08-20 15:06:48,176:WARNING:
'cuml' is a soft dependency and not included in the pycaret installation. Please run: `pip install cuml` to install.
2023-08-20 15:06:48,176:WARNING:
'cuml' is a soft dependency and not included in the pycaret installation. Please run: `pip install cuml` to install.
2023-08-20 15:06:49,408:WARNING:
'prophet' is a soft dependency and not included in the pycaret installation. Please run: `pip install prophet` to install.
2023-08-20 15:07:18,130:WARNING:
'cuml' is a soft dependency and not included in the pycaret installation. Please run: `pip install cuml` to install.
2023-08-20 15:07:18,130:WARNING:
'cuml' is a soft dependency and not included in the pycaret installation. Please run: `pip install cuml` to install.
2023-08-20 15:07:18,130:WARNING:
'cuml' is a soft dependency and not included in the pycaret installation. Please run: `pip install cuml` to install.
2023-08-20 15:07:18,130:WARNING:
'cuml' is a soft dependency and not included in the pycaret installation. Please run: `pip install cuml` to install.
2023-08-20 15:07:19,546:WARNING:
'prophet' is a soft dependency and not included in the pycaret installation. Please run: `pip install prophet` to install.
2023-08-20 15:08:20,442:WARNING:
'cuml' is a soft dependency and not included in the pycaret installation. Please run: `pip install cuml` to install.
2023-08-20 15:08:20,444:WARNING:
'cuml' is a soft dependency and not included in the pycaret installation. Please run: `pip install cuml` to install.
2023-08-20 15:08:20,444:WARNING:
'cuml' is a soft dependency and not included in the pycaret installation. Please run: `pip install cuml` to install.
2023-08-20 15:08:20,445:WARNING:
'cuml' is a soft dependency and not included in the pycaret installation. Please run: `pip install cuml` to install.
2023-08-20 15:08:21,496:WARNING:
'prophet' is a soft dependency and not included in the pycaret installation. Please run: `pip install prophet` to install.
2023-08-20 15:09:52,767:WARNING:
'cuml' is a soft dependency and not included in the pycaret installation. Please run: `pip install cuml` to install.
2023-08-20 15:09:52,768:WARNING:
'cuml' is a soft dependency and not included in the pycaret installation. Please run: `pip install cuml` to install.
2023-08-20 15:09:52,768:WARNING:
'cuml' is a soft dependency and not included in the pycaret installation. Please run: `pip install cuml` to install.
2023-08-20 15:09:52,768:WARNING:
'cuml' is a soft dependency and not included in the pycaret installation. Please run: `pip install cuml` to install.
2023-08-20 15:09:53,873:WARNING:
'prophet' is a soft dependency and not included in the pycaret installation. Please run: `pip install prophet` to install.
2023-08-20 15:10:20,361:WARNING:
'cuml' is a soft dependency and not included in the pycaret installation. Please run: `pip install cuml` to install.
2023-08-20 15:10:20,362:WARNING:
'cuml' is a soft dependency and not included in the pycaret installation. Please run: `pip install cuml` to install.
2023-08-20 15:10:20,362:WARNING:
'cuml' is a soft dependency and not included in the pycaret installation. Please run: `pip install cuml` to install.
2023-08-20 15:10:20,362:WARNING:
'cuml' is a soft dependency and not included in the pycaret installation. Please run: `pip install cuml` to install.
2023-08-20 15:10:21,679:WARNING:
'prophet' is a soft dependency and not included in the pycaret installation. Please run: `pip install prophet` to install.
2023-08-20 15:12:36,104:WARNING:
'cuml' is a soft dependency and not included in the pycaret installation. Please run: `pip install cuml` to install.
2023-08-20 15:12:36,105:WARNING:
'cuml' is a soft dependency and not included in the pycaret installation. Please run: `pip install cuml` to install.
2023-08-20 15:12:36,105:WARNING:
'cuml' is a soft dependency and not included in the pycaret installation. Please run: `pip install cuml` to install.
2023-08-20 15:12:36,105:WARNING:
'cuml' is a soft dependency and not included in the pycaret installation. Please run: `pip install cuml` to install.
2023-08-20 15:12:37,597:WARNING:
'prophet' is a soft dependency and not included in the pycaret installation. Please run: `pip install prophet` to install.
2023-08-20 15:15:06,938:WARNING:
'cuml' is a soft dependency and not included in the pycaret installation. Please run: `pip install cuml` to install.
2023-08-20 15:15:06,940:WARNING:
'cuml' is a soft dependency and not included in the pycaret installation. Please run: `pip install cuml` to install.
2023-08-20 15:15:06,940:WARNING:
'cuml' is a soft dependency and not included in the pycaret installation. Please run: `pip install cuml` to install.
2023-08-20 15:15:06,940:WARNING:
'cuml' is a soft dependency and not included in the pycaret installation. Please run: `pip install cuml` to install.
2023-08-20 15:15:08,641:WARNING:
'prophet' is a soft dependency and not included in the pycaret installation. Please run: `pip install prophet` to install.
2023-08-20 15:16:20,381:WARNING:
'cuml' is a soft dependency and not included in the pycaret installation. Please run: `pip install cuml` to install.
2023-08-20 15:16:20,382:WARNING:
'cuml' is a soft dependency and not included in the pycaret installation. Please run: `pip install cuml` to install.
2023-08-20 15:16:20,382:WARNING:
'cuml' is a soft dependency and not included in the pycaret installation. Please run: `pip install cuml` to install.
2023-08-20 15:16:20,382:WARNING:
'cuml' is a soft dependency and not included in the pycaret installation. Please run: `pip install cuml` to install.
2023-08-20 15:16:21,560:WARNING:
'prophet' is a soft dependency and not included in the pycaret installation. Please run: `pip install prophet` to install.
2023-08-20 15:16:40,450:WARNING:
'cuml' is a soft dependency and not included in the pycaret installation. Please run: `pip install cuml` to install.
2023-08-20 15:16:40,451:WARNING:
'cuml' is a soft dependency and not included in the pycaret installation. Please run: `pip install cuml` to install.
2023-08-20 15:16:40,451:WARNING:
'cuml' is a soft dependency and not included in the pycaret installation. Please run: `pip install cuml` to install.
2023-08-20 15:16:40,451:WARNING:
'cuml' is a soft dependency and not included in the pycaret installation. Please run: `pip install cuml` to install.
2023-08-20 15:16:42,159:WARNING:
'prophet' is a soft dependency and not included in the pycaret installation. Please run: `pip install prophet` to install.
2023-08-20 15:17:03,870:INFO:Initializing load_model()
2023-08-20 15:17:03,870:INFO:load_model(model_name=cv_issue-pipeline_testing_zx, platform=None, authentication=None, verbose=True)
2023-08-20 15:26:08,085:WARNING:
'cuml' is a soft dependency and not included in the pycaret installation. Please run: `pip install cuml` to install.
2023-08-20 15:26:08,086:WARNING:
'cuml' is a soft dependency and not included in the pycaret installation. Please run: `pip install cuml` to install.
2023-08-20 15:26:08,086:WARNING:
'cuml' is a soft dependency and not included in the pycaret installation. Please run: `pip install cuml` to install.
2023-08-20 15:26:08,086:WARNING:
'cuml' is a soft dependency and not included in the pycaret installation. Please run: `pip install cuml` to install.
2023-08-20 15:26:09,338:WARNING:
'prophet' is a soft dependency and not included in the pycaret installation. Please run: `pip install prophet` to install.
2023-08-20 15:30:07,922:WARNING:
'cuml' is a soft dependency and not included in the pycaret installation. Please run: `pip install cuml` to install.
2023-08-20 15:30:07,923:WARNING:
'cuml' is a soft dependency and not included in the pycaret installation. Please run: `pip install cuml` to install.
2023-08-20 15:30:07,923:WARNING:
'cuml' is a soft dependency and not included in the pycaret installation. Please run: `pip install cuml` to install.
2023-08-20 15:30:07,924:WARNING:
'cuml' is a soft dependency and not included in the pycaret installation. Please run: `pip install cuml` to install.
2023-08-20 15:30:09,010:WARNING:
'prophet' is a soft dependency and not included in the pycaret installation. Please run: `pip install prophet` to install.
2023-08-20 15:30:26,722:WARNING:
'cuml' is a soft dependency and not included in the pycaret installation. Please run: `pip install cuml` to install.
2023-08-20 15:30:26,723:WARNING:
'cuml' is a soft dependency and not included in the pycaret installation. Please run: `pip install cuml` to install.
2023-08-20 15:30:26,723:WARNING:
'cuml' is a soft dependency and not included in the pycaret installation. Please run: `pip install cuml` to install.
2023-08-20 15:30:26,723:WARNING:
'cuml' is a soft dependency and not included in the pycaret installation. Please run: `pip install cuml` to install.
2023-08-20 15:30:28,307:WARNING:
'prophet' is a soft dependency and not included in the pycaret installation. Please run: `pip install prophet` to install.
2023-08-20 15:43:33,870:WARNING:
'cuml' is a soft dependency and not included in the pycaret installation. Please run: `pip install cuml` to install.
2023-08-20 15:43:33,870:WARNING:
'cuml' is a soft dependency and not included in the pycaret installation. Please run: `pip install cuml` to install.
2023-08-20 15:43:33,870:WARNING:
'cuml' is a soft dependency and not included in the pycaret installation. Please run: `pip install cuml` to install.
2023-08-20 15:43:33,870:WARNING:
'cuml' is a soft dependency and not included in the pycaret installation. Please run: `pip install cuml` to install.
2023-08-20 15:43:34,803:WARNING:
'prophet' is a soft dependency and not included in the pycaret installation. Please run: `pip install prophet` to install.
2023-08-20 15:43:42,603:WARNING:
'cuml' is a soft dependency and not included in the pycaret installation. Please run: `pip install cuml` to install.
2023-08-20 15:43:42,603:WARNING:
'cuml' is a soft dependency and not included in the pycaret installation. Please run: `pip install cuml` to install.
2023-08-20 15:43:42,603:WARNING:
'cuml' is a soft dependency and not included in the pycaret installation. Please run: `pip install cuml` to install.
2023-08-20 15:43:42,603:WARNING:
'cuml' is a soft dependency and not included in the pycaret installation. Please run: `pip install cuml` to install.
2023-08-20 15:43:43,263:WARNING:
'prophet' is a soft dependency and not included in the pycaret installation. Please run: `pip install prophet` to install.
2023-08-20 15:54:06,050:WARNING:
'cuml' is a soft dependency and not included in the pycaret installation. Please run: `pip install cuml` to install.
2023-08-20 15:54:06,051:WARNING:
'cuml' is a soft dependency and not included in the pycaret installation. Please run: `pip install cuml` to install.
2023-08-20 15:54:06,051:WARNING:
'cuml' is a soft dependency and not included in the pycaret installation. Please run: `pip install cuml` to install.
2023-08-20 15:54:06,052:WARNING:
'cuml' is a soft dependency and not included in the pycaret installation. Please run: `pip install cuml` to install.
2023-08-20 15:54:07,181:WARNING:
'prophet' is a soft dependency and not included in the pycaret installation. Please run: `pip install prophet` to install.
2023-08-20 15:54:23,286:WARNING:
'cuml' is a soft dependency and not included in the pycaret installation. Please run: `pip install cuml` to install.
2023-08-20 15:54:23,287:WARNING:
'cuml' is a soft dependency and not included in the pycaret installation. Please run: `pip install cuml` to install.
2023-08-20 15:54:23,287:WARNING:
'cuml' is a soft dependency and not included in the pycaret installation. Please run: `pip install cuml` to install.
2023-08-20 15:54:23,289:WARNING:
'cuml' is a soft dependency and not included in the pycaret installation. Please run: `pip install cuml` to install.
2023-08-20 15:54:24,986:WARNING:
'prophet' is a soft dependency and not included in the pycaret installation. Please run: `pip install prophet` to install.
2023-08-20 15:54:49,727:INFO:Initializing load_model()
2023-08-20 15:54:49,727:INFO:load_model(model_name=cv_issue-pipeline_testing_zx, platform=None, authentication=None, verbose=True)
2023-08-20 15:57:02,640:WARNING:
'cuml' is a soft dependency and not included in the pycaret installation. Please run: `pip install cuml` to install.
2023-08-20 15:57:02,642:WARNING:
'cuml' is a soft dependency and not included in the pycaret installation. Please run: `pip install cuml` to install.
2023-08-20 15:57:02,642:WARNING:
'cuml' is a soft dependency and not included in the pycaret installation. Please run: `pip install cuml` to install.
2023-08-20 15:57:02,642:WARNING:
'cuml' is a soft dependency and not included in the pycaret installation. Please run: `pip install cuml` to install.
2023-08-20 15:57:05,068:WARNING:
'prophet' is a soft dependency and not included in the pycaret installation. Please run: `pip install prophet` to install.
2023-08-20 16:10:37,824:WARNING:
'cuml' is a soft dependency and not included in the pycaret installation. Please run: `pip install cuml` to install.
2023-08-20 16:10:37,825:WARNING:
'cuml' is a soft dependency and not included in the pycaret installation. Please run: `pip install cuml` to install.
2023-08-20 16:10:37,825:WARNING:
'cuml' is a soft dependency and not included in the pycaret installation. Please run: `pip install cuml` to install.
2023-08-20 16:10:37,825:WARNING:
'cuml' is a soft dependency and not included in the pycaret installation. Please run: `pip install cuml` to install.
2023-08-20 16:10:38,959:WARNING:
'prophet' is a soft dependency and not included in the pycaret installation. Please run: `pip install prophet` to install.
2023-08-20 16:10:56,195:WARNING:
'cuml' is a soft dependency and not included in the pycaret installation. Please run: `pip install cuml` to install.
2023-08-20 16:10:56,198:WARNING:
'cuml' is a soft dependency and not included in the pycaret installation. Please run: `pip install cuml` to install.
2023-08-20 16:10:56,199:WARNING:
'cuml' is a soft dependency and not included in the pycaret installation. Please run: `pip install cuml` to install.
2023-08-20 16:10:56,199:WARNING:
'cuml' is a soft dependency and not included in the pycaret installation. Please run: `pip install cuml` to install.
2023-08-20 16:10:58,866:WARNING:
'prophet' is a soft dependency and not included in the pycaret installation. Please run: `pip install prophet` to install.
2023-08-20 18:59:55,863:WARNING:C:\Users\parikshit joshi\AppData\Local\Temp\ipykernel_23332\1921962406.py:2: FutureWarning: The default value of numeric_only in DataFrame.corr is deprecated. In a future version, it will default to False. Select only valid columns or specify the value of numeric_only to silence this warning.
  correlation_matrix = df.corr()

2023-08-20 19:00:09,240:WARNING:
'cuml' is a soft dependency and not included in the pycaret installation. Please run: `pip install cuml` to install.
2023-08-20 19:00:09,241:WARNING:
'cuml' is a soft dependency and not included in the pycaret installation. Please run: `pip install cuml` to install.
2023-08-20 19:00:09,242:WARNING:
'cuml' is a soft dependency and not included in the pycaret installation. Please run: `pip install cuml` to install.
2023-08-20 19:00:09,242:WARNING:
'cuml' is a soft dependency and not included in the pycaret installation. Please run: `pip install cuml` to install.
2023-08-20 19:00:10,945:WARNING:
'prophet' is a soft dependency and not included in the pycaret installation. Please run: `pip install prophet` to install.
2023-08-20 19:00:11,577:INFO:PyCaret RegressionExperiment
2023-08-20 19:00:11,577:INFO:Logging name: reg-default-name
2023-08-20 19:00:11,578:INFO:ML Usecase: MLUsecase.REGRESSION
2023-08-20 19:00:11,578:INFO:version 3.0.0
2023-08-20 19:00:11,578:INFO:Initializing setup()
2023-08-20 19:00:11,578:INFO:self.USI: 45ac
2023-08-20 19:00:11,579:INFO:self._variable_keys: {'idx', 'exp_id', '_available_plots', 'log_plots_param', 'y_test', 'transform_target_param', 'fold_shuffle_param', 'USI', 'exp_name_log', 'memory', 'y_train', 'X', 'data', 'gpu_param', 'fold_generator', 'X_test', 'html_param', 'logging_param', 'n_jobs_param', '_ml_usecase', 'y', 'target_param', 'pipeline', 'fold_groups_param', 'X_train', 'gpu_n_jobs_param', 'seed'}
2023-08-20 19:00:11,579:INFO:Checking environment
2023-08-20 19:00:11,579:INFO:python_version: 3.9.7
2023-08-20 19:00:11,579:INFO:python_build: ('default', 'Sep 16 2021 16:59:28')
2023-08-20 19:00:11,579:INFO:machine: AMD64
2023-08-20 19:00:11,580:INFO:platform: Windows-10-10.0.22621-SP0
2023-08-20 19:00:11,591:INFO:Memory: svmem(total=16857743360, available=5991780352, percent=64.5, used=10865963008, free=5991780352)
2023-08-20 19:00:11,591:INFO:Physical Core: 4
2023-08-20 19:00:11,591:INFO:Logical Core: 8
2023-08-20 19:00:11,591:INFO:Checking libraries
2023-08-20 19:00:11,592:INFO:System:
2023-08-20 19:00:11,593:INFO:    python: 3.9.7 (default, Sep 16 2021, 16:59:28) [MSC v.1916 64 bit (AMD64)]
2023-08-20 19:00:11,594:INFO:executable: c:\Users\parikshit joshi\anaconda3\envs\mlops\python.exe
2023-08-20 19:00:11,594:INFO:   machine: Windows-10-10.0.22621-SP0
2023-08-20 19:00:11,594:INFO:PyCaret required dependencies:
2023-08-20 19:00:11,595:INFO:                 pip: 23.1.2
2023-08-20 19:00:11,595:INFO:          setuptools: 68.0.0
2023-08-20 19:00:11,595:INFO:             pycaret: 3.0.0
2023-08-20 19:00:11,595:INFO:             IPython: 8.12.0
2023-08-20 19:00:11,595:INFO:          ipywidgets: 8.0.4
2023-08-20 19:00:11,595:INFO:                tqdm: 4.66.1
2023-08-20 19:00:11,596:INFO:               numpy: 1.24.4
2023-08-20 19:00:11,596:INFO:              pandas: 1.5.3
2023-08-20 19:00:11,596:INFO:              jinja2: 3.1.2
2023-08-20 19:00:11,596:INFO:               scipy: 1.10.1
2023-08-20 19:00:11,596:INFO:              joblib: 1.2.0
2023-08-20 19:00:11,596:INFO:             sklearn: 1.2.2
2023-08-20 19:00:11,596:INFO:                pyod: 1.1.0
2023-08-20 19:00:11,596:INFO:            imblearn: 0.10.1
2023-08-20 19:00:11,597:INFO:   category_encoders: 2.6.1
2023-08-20 19:00:11,597:INFO:            lightgbm: 3.3.5
2023-08-20 19:00:11,597:INFO:               numba: 0.57.1
2023-08-20 19:00:11,597:INFO:            requests: 2.31.0
2023-08-20 19:00:11,597:INFO:          matplotlib: 3.7.1
2023-08-20 19:00:11,597:INFO:          scikitplot: 0.3.7
2023-08-20 19:00:11,597:INFO:         yellowbrick: 1.5
2023-08-20 19:00:11,598:INFO:              plotly: 5.9.0
2023-08-20 19:00:11,598:INFO:             kaleido: 0.2.1
2023-08-20 19:00:11,598:INFO:         statsmodels: 0.14.0
2023-08-20 19:00:11,598:INFO:              sktime: 0.20.0
2023-08-20 19:00:11,598:INFO:               tbats: 1.1.3
2023-08-20 19:00:11,598:INFO:            pmdarima: 2.0.3
2023-08-20 19:00:11,598:INFO:              psutil: 5.9.5
2023-08-20 19:00:11,599:INFO:PyCaret optional dependencies:
2023-08-20 19:00:15,819:INFO:                shap: 0.42.0
2023-08-20 19:00:15,819:INFO:           interpret: 0.4.2
2023-08-20 19:00:15,819:INFO:                umap: 0.5.3
2023-08-20 19:00:15,819:INFO:    pandas_profiling: 4.3.1
2023-08-20 19:00:15,819:INFO:  explainerdashboard: 0.4.2.2
2023-08-20 19:00:15,819:INFO:             autoviz: 0.1.730
2023-08-20 19:00:15,819:INFO:           fairlearn: 0.7.0
2023-08-20 19:00:15,819:INFO:             xgboost: 1.7.6
2023-08-20 19:00:15,819:INFO:            catboost: 1.2
2023-08-20 19:00:15,819:INFO:              kmodes: 0.12.2
2023-08-20 19:00:15,819:INFO:             mlxtend: 0.22.0
2023-08-20 19:00:15,819:INFO:       statsforecast: 1.5.0
2023-08-20 19:00:15,819:INFO:        tune_sklearn: 0.4.6
2023-08-20 19:00:15,819:INFO:                 ray: 2.5.1
2023-08-20 19:00:15,819:INFO:            hyperopt: 0.2.7
2023-08-20 19:00:15,819:INFO:              optuna: 3.2.0
2023-08-20 19:00:15,819:INFO:               skopt: 0.9.0
2023-08-20 19:00:15,819:INFO:              mlflow: 1.30.1
2023-08-20 19:00:15,820:INFO:              gradio: 3.36.1
2023-08-20 19:00:15,820:INFO:             fastapi: 0.100.0
2023-08-20 19:00:15,820:INFO:             uvicorn: 0.22.0
2023-08-20 19:00:15,820:INFO:              m2cgen: 0.10.0
2023-08-20 19:00:15,820:INFO:           evidently: 0.3.3
2023-08-20 19:00:15,820:INFO:               fugue: 0.8.5
2023-08-20 19:00:15,820:INFO:           streamlit: Not installed
2023-08-20 19:00:15,820:INFO:             prophet: Not installed
2023-08-20 19:00:15,820:INFO:None
2023-08-20 19:00:15,820:INFO:Set up data.
2023-08-20 19:00:16,026:INFO:Set up train/test split.
2023-08-20 19:00:16,074:INFO:Set up index.
2023-08-20 19:00:16,075:INFO:Set up folding strategy.
2023-08-20 19:00:16,076:INFO:Assigning column types.
2023-08-20 19:00:16,110:INFO:Engine successfully changes for model 'lr' to 'sklearn'.
2023-08-20 19:00:16,111:INFO:Engine for model 'lasso' has not been set explicitly, hence returning None.
2023-08-20 19:00:16,118:INFO:Engine for model 'ridge' has not been set explicitly, hence returning None.
2023-08-20 19:00:16,127:INFO:Engine for model 'en' has not been set explicitly, hence returning None.
2023-08-20 19:00:16,277:INFO:Engine for model 'svm' has not been set explicitly, hence returning None.
2023-08-20 19:00:16,348:INFO:Engine for model 'knn' has not been set explicitly, hence returning None.
2023-08-20 19:00:16,349:INFO:Soft dependency imported: xgboost: 1.7.6
2023-08-20 19:00:17,055:INFO:Soft dependency imported: catboost: 1.2
2023-08-20 19:00:17,283:INFO:Engine for model 'lasso' has not been set explicitly, hence returning None.
2023-08-20 19:00:17,291:INFO:Engine for model 'ridge' has not been set explicitly, hence returning None.
2023-08-20 19:00:17,300:INFO:Engine for model 'en' has not been set explicitly, hence returning None.
2023-08-20 19:00:17,451:INFO:Engine for model 'svm' has not been set explicitly, hence returning None.
2023-08-20 19:00:17,533:INFO:Engine for model 'knn' has not been set explicitly, hence returning None.
2023-08-20 19:00:17,534:INFO:Soft dependency imported: xgboost: 1.7.6
2023-08-20 19:00:17,538:INFO:Soft dependency imported: catboost: 1.2
2023-08-20 19:00:17,539:INFO:Engine successfully changes for model 'lasso' to 'sklearn'.
2023-08-20 19:00:17,547:INFO:Engine for model 'ridge' has not been set explicitly, hence returning None.
2023-08-20 19:00:17,554:INFO:Engine for model 'en' has not been set explicitly, hence returning None.
2023-08-20 19:00:17,691:INFO:Engine for model 'svm' has not been set explicitly, hence returning None.
2023-08-20 19:00:17,764:INFO:Engine for model 'knn' has not been set explicitly, hence returning None.
2023-08-20 19:00:17,765:INFO:Soft dependency imported: xgboost: 1.7.6
2023-08-20 19:00:17,769:INFO:Soft dependency imported: catboost: 1.2
2023-08-20 19:00:17,778:INFO:Engine for model 'ridge' has not been set explicitly, hence returning None.
2023-08-20 19:00:17,785:INFO:Engine for model 'en' has not been set explicitly, hence returning None.
2023-08-20 19:00:17,955:INFO:Engine for model 'svm' has not been set explicitly, hence returning None.
2023-08-20 19:00:18,029:INFO:Engine for model 'knn' has not been set explicitly, hence returning None.
2023-08-20 19:00:18,030:INFO:Soft dependency imported: xgboost: 1.7.6
2023-08-20 19:00:18,036:INFO:Soft dependency imported: catboost: 1.2
2023-08-20 19:00:18,037:INFO:Engine successfully changes for model 'ridge' to 'sklearn'.
2023-08-20 19:00:18,053:INFO:Engine for model 'en' has not been set explicitly, hence returning None.
2023-08-20 19:00:18,186:INFO:Engine for model 'svm' has not been set explicitly, hence returning None.
2023-08-20 19:00:18,254:INFO:Engine for model 'knn' has not been set explicitly, hence returning None.
2023-08-20 19:00:18,255:INFO:Soft dependency imported: xgboost: 1.7.6
2023-08-20 19:00:18,258:INFO:Soft dependency imported: catboost: 1.2
2023-08-20 19:00:18,272:INFO:Engine for model 'en' has not been set explicitly, hence returning None.
2023-08-20 19:00:18,400:INFO:Engine for model 'svm' has not been set explicitly, hence returning None.
2023-08-20 19:00:18,498:INFO:Engine for model 'knn' has not been set explicitly, hence returning None.
2023-08-20 19:00:18,499:INFO:Soft dependency imported: xgboost: 1.7.6
2023-08-20 19:00:18,503:INFO:Soft dependency imported: catboost: 1.2
2023-08-20 19:00:18,504:INFO:Engine successfully changes for model 'en' to 'sklearn'.
2023-08-20 19:00:18,723:INFO:Engine for model 'svm' has not been set explicitly, hence returning None.
2023-08-20 19:00:18,803:INFO:Engine for model 'knn' has not been set explicitly, hence returning None.
2023-08-20 19:00:18,804:INFO:Soft dependency imported: xgboost: 1.7.6
2023-08-20 19:00:18,809:INFO:Soft dependency imported: catboost: 1.2
2023-08-20 19:00:18,958:INFO:Engine for model 'svm' has not been set explicitly, hence returning None.
2023-08-20 19:00:19,032:INFO:Engine for model 'knn' has not been set explicitly, hence returning None.
2023-08-20 19:00:19,033:INFO:Soft dependency imported: xgboost: 1.7.6
2023-08-20 19:00:19,038:INFO:Soft dependency imported: catboost: 1.2
2023-08-20 19:00:19,039:INFO:Engine successfully changes for model 'knn' to 'sklearn'.
2023-08-20 19:00:19,220:INFO:Engine for model 'svm' has not been set explicitly, hence returning None.
2023-08-20 19:00:19,294:INFO:Soft dependency imported: xgboost: 1.7.6
2023-08-20 19:00:19,298:INFO:Soft dependency imported: catboost: 1.2
2023-08-20 19:00:19,445:INFO:Engine for model 'svm' has not been set explicitly, hence returning None.
2023-08-20 19:00:19,516:INFO:Soft dependency imported: xgboost: 1.7.6
2023-08-20 19:00:19,520:INFO:Soft dependency imported: catboost: 1.2
2023-08-20 19:00:19,521:INFO:Engine successfully changes for model 'svm' to 'sklearn'.
2023-08-20 19:00:19,734:INFO:Soft dependency imported: xgboost: 1.7.6
2023-08-20 19:00:19,738:INFO:Soft dependency imported: catboost: 1.2
2023-08-20 19:00:19,937:INFO:Soft dependency imported: xgboost: 1.7.6
2023-08-20 19:00:19,941:INFO:Soft dependency imported: catboost: 1.2
2023-08-20 19:00:19,942:INFO:Preparing preprocessing pipeline...
2023-08-20 19:00:19,942:INFO:Set up simple imputation.
2023-08-20 19:00:19,971:INFO:Set up encoding of categorical features.
2023-08-20 19:00:19,972:INFO:Set up removing multicollinearity.
2023-08-20 19:00:19,972:INFO:Set up feature normalization.
2023-08-20 19:00:21,706:WARNING:c:\Users\parikshit joshi\anaconda3\envs\mlops\lib\site-packages\pycaret\internal\preprocess\transformers.py:443: FutureWarning: The default value of numeric_only in DataFrame.corr is deprecated. In a future version, it will default to False. Select only valid columns or specify the value of numeric_only to silence this warning.
  corr_matrix = data.corr()

2023-08-20 19:02:04,091:INFO:PyCaret RegressionExperiment
2023-08-20 19:02:04,092:INFO:Logging name: reg-default-name
2023-08-20 19:02:04,092:INFO:ML Usecase: MLUsecase.REGRESSION
2023-08-20 19:02:04,092:INFO:version 3.0.0
2023-08-20 19:02:04,092:INFO:Initializing setup()
2023-08-20 19:02:04,092:INFO:self.USI: c3c6
2023-08-20 19:02:04,092:INFO:self._variable_keys: {'idx', 'exp_id', '_available_plots', 'log_plots_param', 'y_test', 'transform_target_param', 'fold_shuffle_param', 'USI', 'exp_name_log', 'memory', 'y_train', 'X', 'data', 'gpu_param', 'fold_generator', 'X_test', 'html_param', 'logging_param', 'n_jobs_param', '_ml_usecase', 'y', 'target_param', 'pipeline', 'fold_groups_param', 'X_train', 'gpu_n_jobs_param', 'seed'}
2023-08-20 19:02:04,092:INFO:Checking environment
2023-08-20 19:02:04,092:INFO:python_version: 3.9.7
2023-08-20 19:02:04,092:INFO:python_build: ('default', 'Sep 16 2021 16:59:28')
2023-08-20 19:02:04,092:INFO:machine: AMD64
2023-08-20 19:02:04,092:INFO:platform: Windows-10-10.0.22621-SP0
2023-08-20 19:02:04,098:INFO:Memory: svmem(total=16857743360, available=5663838208, percent=66.4, used=11193905152, free=5663838208)
2023-08-20 19:02:04,098:INFO:Physical Core: 4
2023-08-20 19:02:04,098:INFO:Logical Core: 8
2023-08-20 19:02:04,098:INFO:Checking libraries
2023-08-20 19:02:04,098:INFO:System:
2023-08-20 19:02:04,098:INFO:    python: 3.9.7 (default, Sep 16 2021, 16:59:28) [MSC v.1916 64 bit (AMD64)]
2023-08-20 19:02:04,098:INFO:executable: c:\Users\parikshit joshi\anaconda3\envs\mlops\python.exe
2023-08-20 19:02:04,098:INFO:   machine: Windows-10-10.0.22621-SP0
2023-08-20 19:02:04,098:INFO:PyCaret required dependencies:
2023-08-20 19:02:04,098:INFO:                 pip: 23.1.2
2023-08-20 19:02:04,098:INFO:          setuptools: 68.0.0
2023-08-20 19:02:04,098:INFO:             pycaret: 3.0.0
2023-08-20 19:02:04,099:INFO:             IPython: 8.12.0
2023-08-20 19:02:04,099:INFO:          ipywidgets: 8.0.4
2023-08-20 19:02:04,099:INFO:                tqdm: 4.66.1
2023-08-20 19:02:04,099:INFO:               numpy: 1.24.4
2023-08-20 19:02:04,099:INFO:              pandas: 1.5.3
2023-08-20 19:02:04,099:INFO:              jinja2: 3.1.2
2023-08-20 19:02:04,099:INFO:               scipy: 1.10.1
2023-08-20 19:02:04,099:INFO:              joblib: 1.2.0
2023-08-20 19:02:04,099:INFO:             sklearn: 1.2.2
2023-08-20 19:02:04,099:INFO:                pyod: 1.1.0
2023-08-20 19:02:04,099:INFO:            imblearn: 0.10.1
2023-08-20 19:02:04,099:INFO:   category_encoders: 2.6.1
2023-08-20 19:02:04,099:INFO:            lightgbm: 3.3.5
2023-08-20 19:02:04,099:INFO:               numba: 0.57.1
2023-08-20 19:02:04,099:INFO:            requests: 2.31.0
2023-08-20 19:02:04,099:INFO:          matplotlib: 3.7.1
2023-08-20 19:02:04,099:INFO:          scikitplot: 0.3.7
2023-08-20 19:02:04,099:INFO:         yellowbrick: 1.5
2023-08-20 19:02:04,099:INFO:              plotly: 5.9.0
2023-08-20 19:02:04,099:INFO:             kaleido: 0.2.1
2023-08-20 19:02:04,099:INFO:         statsmodels: 0.14.0
2023-08-20 19:02:04,100:INFO:              sktime: 0.20.0
2023-08-20 19:02:04,100:INFO:               tbats: 1.1.3
2023-08-20 19:02:04,100:INFO:            pmdarima: 2.0.3
2023-08-20 19:02:04,100:INFO:              psutil: 5.9.5
2023-08-20 19:02:04,100:INFO:PyCaret optional dependencies:
2023-08-20 19:02:04,100:INFO:                shap: 0.42.0
2023-08-20 19:02:04,100:INFO:           interpret: 0.4.2
2023-08-20 19:02:04,100:INFO:                umap: 0.5.3
2023-08-20 19:02:04,100:INFO:    pandas_profiling: 4.3.1
2023-08-20 19:02:04,100:INFO:  explainerdashboard: 0.4.2.2
2023-08-20 19:02:04,100:INFO:             autoviz: 0.1.730
2023-08-20 19:02:04,101:INFO:           fairlearn: 0.7.0
2023-08-20 19:02:04,101:INFO:             xgboost: 1.7.6
2023-08-20 19:02:04,101:INFO:            catboost: 1.2
2023-08-20 19:02:04,101:INFO:              kmodes: 0.12.2
2023-08-20 19:02:04,101:INFO:             mlxtend: 0.22.0
2023-08-20 19:02:04,101:INFO:       statsforecast: 1.5.0
2023-08-20 19:02:04,101:INFO:        tune_sklearn: 0.4.6
2023-08-20 19:02:04,101:INFO:                 ray: 2.5.1
2023-08-20 19:02:04,101:INFO:            hyperopt: 0.2.7
2023-08-20 19:02:04,101:INFO:              optuna: 3.2.0
2023-08-20 19:02:04,101:INFO:               skopt: 0.9.0
2023-08-20 19:02:04,101:INFO:              mlflow: 1.30.1
2023-08-20 19:02:04,101:INFO:              gradio: 3.36.1
2023-08-20 19:02:04,101:INFO:             fastapi: 0.100.0
2023-08-20 19:02:04,101:INFO:             uvicorn: 0.22.0
2023-08-20 19:02:04,101:INFO:              m2cgen: 0.10.0
2023-08-20 19:02:04,101:INFO:           evidently: 0.3.3
2023-08-20 19:02:04,101:INFO:               fugue: 0.8.5
2023-08-20 19:02:04,101:INFO:           streamlit: Not installed
2023-08-20 19:02:04,102:INFO:             prophet: Not installed
2023-08-20 19:02:04,102:INFO:None
2023-08-20 19:02:04,102:INFO:Set up data.
2023-08-20 19:02:04,226:INFO:Set up train/test split.
2023-08-20 19:02:04,255:INFO:Set up index.
2023-08-20 19:02:04,256:INFO:Set up folding strategy.
2023-08-20 19:02:04,256:INFO:Assigning column types.
2023-08-20 19:02:04,277:INFO:Engine successfully changes for model 'lr' to 'sklearn'.
2023-08-20 19:02:04,277:INFO:Engine for model 'lasso' has not been set explicitly, hence returning None.
2023-08-20 19:02:04,283:INFO:Engine for model 'ridge' has not been set explicitly, hence returning None.
2023-08-20 19:02:04,288:INFO:Engine for model 'en' has not been set explicitly, hence returning None.
2023-08-20 19:02:04,389:INFO:Engine for model 'svm' has not been set explicitly, hence returning None.
2023-08-20 19:02:04,446:INFO:Engine for model 'knn' has not been set explicitly, hence returning None.
2023-08-20 19:02:04,447:INFO:Soft dependency imported: xgboost: 1.7.6
2023-08-20 19:02:04,450:INFO:Soft dependency imported: catboost: 1.2
2023-08-20 19:02:04,451:INFO:Engine for model 'lasso' has not been set explicitly, hence returning None.
2023-08-20 19:02:04,456:INFO:Engine for model 'ridge' has not been set explicitly, hence returning None.
2023-08-20 19:02:04,462:INFO:Engine for model 'en' has not been set explicitly, hence returning None.
2023-08-20 19:02:04,567:INFO:Engine for model 'svm' has not been set explicitly, hence returning None.
2023-08-20 19:02:04,625:INFO:Engine for model 'knn' has not been set explicitly, hence returning None.
2023-08-20 19:02:04,626:INFO:Soft dependency imported: xgboost: 1.7.6
2023-08-20 19:02:04,630:INFO:Soft dependency imported: catboost: 1.2
2023-08-20 19:02:04,631:INFO:Engine successfully changes for model 'lasso' to 'sklearn'.
2023-08-20 19:02:04,637:INFO:Engine for model 'ridge' has not been set explicitly, hence returning None.
2023-08-20 19:02:04,643:INFO:Engine for model 'en' has not been set explicitly, hence returning None.
2023-08-20 19:02:04,751:INFO:Engine for model 'svm' has not been set explicitly, hence returning None.
2023-08-20 19:02:04,818:INFO:Engine for model 'knn' has not been set explicitly, hence returning None.
2023-08-20 19:02:04,819:INFO:Soft dependency imported: xgboost: 1.7.6
2023-08-20 19:02:04,822:INFO:Soft dependency imported: catboost: 1.2
2023-08-20 19:02:04,832:INFO:Engine for model 'ridge' has not been set explicitly, hence returning None.
2023-08-20 19:02:04,841:INFO:Engine for model 'en' has not been set explicitly, hence returning None.
2023-08-20 19:02:04,990:INFO:Engine for model 'svm' has not been set explicitly, hence returning None.
2023-08-20 19:02:05,079:INFO:Engine for model 'knn' has not been set explicitly, hence returning None.
2023-08-20 19:02:05,080:INFO:Soft dependency imported: xgboost: 1.7.6
2023-08-20 19:02:05,089:INFO:Soft dependency imported: catboost: 1.2
2023-08-20 19:02:05,090:INFO:Engine successfully changes for model 'ridge' to 'sklearn'.
2023-08-20 19:02:05,117:INFO:Engine for model 'en' has not been set explicitly, hence returning None.
2023-08-20 19:02:05,349:INFO:Engine for model 'svm' has not been set explicitly, hence returning None.
2023-08-20 19:02:05,435:INFO:Engine for model 'knn' has not been set explicitly, hence returning None.
2023-08-20 19:02:05,436:INFO:Soft dependency imported: xgboost: 1.7.6
2023-08-20 19:02:05,439:INFO:Soft dependency imported: catboost: 1.2
2023-08-20 19:02:05,458:INFO:Engine for model 'en' has not been set explicitly, hence returning None.
2023-08-20 19:02:05,618:INFO:Engine for model 'svm' has not been set explicitly, hence returning None.
2023-08-20 19:02:05,689:INFO:Engine for model 'knn' has not been set explicitly, hence returning None.
2023-08-20 19:02:05,690:INFO:Soft dependency imported: xgboost: 1.7.6
2023-08-20 19:02:05,698:INFO:Soft dependency imported: catboost: 1.2
2023-08-20 19:02:05,700:INFO:Engine successfully changes for model 'en' to 'sklearn'.
2023-08-20 19:02:05,884:INFO:Engine for model 'svm' has not been set explicitly, hence returning None.
2023-08-20 19:02:05,989:INFO:Engine for model 'knn' has not been set explicitly, hence returning None.
2023-08-20 19:02:05,990:INFO:Soft dependency imported: xgboost: 1.7.6
2023-08-20 19:02:05,997:INFO:Soft dependency imported: catboost: 1.2
2023-08-20 19:02:06,199:INFO:Engine for model 'svm' has not been set explicitly, hence returning None.
2023-08-20 19:02:06,287:INFO:Engine for model 'knn' has not been set explicitly, hence returning None.
2023-08-20 19:02:06,288:INFO:Soft dependency imported: xgboost: 1.7.6
2023-08-20 19:02:06,294:INFO:Soft dependency imported: catboost: 1.2
2023-08-20 19:02:06,295:INFO:Engine successfully changes for model 'knn' to 'sklearn'.
2023-08-20 19:02:06,476:INFO:Engine for model 'svm' has not been set explicitly, hence returning None.
2023-08-20 19:02:06,568:INFO:Soft dependency imported: xgboost: 1.7.6
2023-08-20 19:02:06,573:INFO:Soft dependency imported: catboost: 1.2
2023-08-20 19:02:06,750:INFO:Engine for model 'svm' has not been set explicitly, hence returning None.
2023-08-20 19:02:06,847:INFO:Soft dependency imported: xgboost: 1.7.6
2023-08-20 19:02:06,852:INFO:Soft dependency imported: catboost: 1.2
2023-08-20 19:02:06,853:INFO:Engine successfully changes for model 'svm' to 'sklearn'.
2023-08-20 19:02:07,134:INFO:Soft dependency imported: xgboost: 1.7.6
2023-08-20 19:02:07,139:INFO:Soft dependency imported: catboost: 1.2
2023-08-20 19:02:07,400:INFO:Soft dependency imported: xgboost: 1.7.6
2023-08-20 19:02:07,405:INFO:Soft dependency imported: catboost: 1.2
2023-08-20 19:02:07,406:INFO:Preparing preprocessing pipeline...
2023-08-20 19:02:07,406:INFO:Set up simple imputation.
2023-08-20 19:02:07,441:INFO:Set up encoding of categorical features.
2023-08-20 19:02:07,443:INFO:Set up removing multicollinearity.
2023-08-20 19:02:07,443:INFO:Set up feature normalization.
